[debug] [2025-05-28T06:37:27.331Z] ----------------------------------------------------------------------
[debug] [2025-05-28T06:37:27.332Z] Command:       /usr/local/share/nvm/versions/node/v20.19.0/bin/node /home/codespace/nvm/current/bin/firebase login
[debug] [2025-05-28T06:37:27.333Z] CLI Version:   14.4.0
[debug] [2025-05-28T06:37:27.333Z] Platform:      linux
[debug] [2025-05-28T06:37:27.333Z] Node Version:  v20.19.0
[debug] [2025-05-28T06:37:27.333Z] Time:          Wed May 28 2025 06:37:27 GMT+0000 (Coordinated Universal Time)
[debug] [2025-05-28T06:37:27.333Z] Env Overrides: GITHUB_API_URL, GITHUB_API_URL
[debug] [2025-05-28T06:37:27.333Z] ----------------------------------------------------------------------
[debug] 
[debug] [2025-05-28T06:37:27.335Z] >>> [apiv2][query] GET https://firebase-public.firebaseio.com/cli.json [none]
[info] i  Firebase optionally collects CLI and Emulator Suite usage and error reporting information to help improve our products. Data is collected in accordance with Google's privacy policy (https://policies.google.com/privacy) and is not used to identify you.
 
[debug] [2025-05-28T06:37:27.500Z] <<< [apiv2][status] GET https://firebase-public.firebaseio.com/cli.json 200
[debug] [2025-05-28T06:37:27.500Z] <<< [apiv2][body] GET https://firebase-public.firebaseio.com/cli.json {"cloudBuildErrorAfter":1594252800000,"cloudBuildWarnAfter":1590019200000,"defaultNode10After":1594252800000,"minVersion":"3.0.5","node8DeploysDisabledAfter":1613390400000,"node8RuntimeDisabledAfter":1615809600000,"node8WarnAfter":1600128000000}
[debug] [2025-05-28T06:37:34.909Z] >>> [apiv2][query] POST https://auth.firebase.tools/attest [none]
[debug] [2025-05-28T06:37:34.909Z] >>> [apiv2][body] POST https://auth.firebase.tools/attest {"session_id":"fb5e6011-c13f-4672-acb6-8064a9535e61"}
[debug] [2025-05-28T06:37:35.142Z] <<< [apiv2][status] POST https://auth.firebase.tools/attest 200
[debug] [2025-05-28T06:37:35.142Z] <<< [apiv2][body] POST https://auth.firebase.tools/attest {"token":"IOh1LO1eP0DYGJ8Sv-mV8sAcJINr2t8XXkeVJSpS4xg"}
[info] 
[info] To sign in to the Firebase CLI:
[info] 
[info] 1. Take note of your session ID:
[info] 
[info]    FB5E6
[info] 
[info] 2. Visit the URL below on any device and follow the instructions to get your code:
[info] 
[info]    https://auth.firebase.tools/login?code_challenge=_TJnPy0SouRAth6zD_wJjDHRs6h6U11yI94JzFz74Jo&session=fb5e6011-c13f-4672-acb6-8064a9535e61&attest=IOh1LO1eP0DYGJ8Sv-mV8sAcJINr2t8XXkeVJSpS4xg
[info] 
[info] 3. Paste or enter the authorization code below once you have it:
[info] 
